[0mCompiling "target/server_out/dbseed.js" from ["server_src" "dev"]...
notifying browser that file changed:  target/server_out/goog/deps.js
notifying browser that file changed:  target/server_out/cljs_deps.js
notifying browser that file changed:  out/dbseed/core.js
[32mSuccessfully compiled "target/server_out/dbseed.js" in 0.281 seconds.[0m
[0mCompiling "target/server_out/dbseed.js" from ["server_src" "dev"]...
notifying browser that file changed:  target/server_out/goog/deps.js
notifying browser that file changed:  target/server_out/cljs_deps.js
notifying browser that file changed:  out/dbseed/core.js
[32mSuccessfully compiled "target/server_out/dbseed.js" in 0.433 seconds.[0m
[0mCompiling "target/server_out/dbseed.js" from ["server_src" "dev"]...
notifying browser that file changed:  target/server_out/cljs_deps.js
notifying browser that file changed:  out/dbseed/core.js
[32mSuccessfully compiled "target/server_out/dbseed.js" in 0.23 seconds.[0m
[0mCompiling "target/server_out/dbseed.js" from ["server_src" "dev"]...
[31mCompiling "target/server_out/dbseed.js" failed.
[0mANALYSIS ERROR: Wrong number of args (5) passed to: core/defonce at line 6 server_src/dbseed/core.cljs on file server_src/dbseed/core.cljs, line 6, column 1
[32mSuccessfully compiled "target/server_out/dbseed.js" in 0.06 seconds.[0m
[0mCompiling "target/server_out/dbseed.js" from ["server_src" "dev"]...
[31mCompiling "target/server_out/dbseed.js" failed.
[0mANALYSIS ERROR: Wrong number of args (5) passed to: core/defonce at line 6 server_src/dbseed/core.cljs on file server_src/dbseed/core.cljs, line 6, column 1
[32mSuccessfully compiled "target/server_out/dbseed.js" in 0.038 seconds.[0m
[0mCompiling "target/server_out/dbseed.js" from ["server_src" "dev"]...
[31mCompiling "target/server_out/dbseed.js" failed.
[0mERROR: Unmatched delimiter ) on file /Users/yeehaa/Documents/dbseed/server_src/dbseed/core.cljs, line 8, column 24
[32mSuccessfully compiled "target/server_out/dbseed.js" in 0.04 seconds.[0m
[0mCompiling "target/server_out/dbseed.js" from ["server_src" "dev"]...
[31mCompiling "target/server_out/dbseed.js" failed.
[0mERROR: Unmatched delimiter ) on file /Users/yeehaa/Documents/dbseed/server_src/dbseed/core.cljs, line 9, column 22
[32mSuccessfully compiled "target/server_out/dbseed.js" in 0.042 seconds.[0m
[0mCompiling "target/server_out/dbseed.js" from ["server_src" "dev"]...
notifying browser that file changed:  target/server_out/cljs_deps.js
notifying browser that file changed:  out/dbseed/core.js
[32mSuccessfully compiled "target/server_out/dbseed.js" in 0.24 seconds.[0m
[0mCompiling "target/server_out/dbseed.js" from ["server_src" "dev"]...
notifying browser that file changed:  target/server_out/cljs_deps.js
notifying browser that file changed:  out/dbseed/core.js
[32mSuccessfully compiled "target/server_out/dbseed.js" in 0.202 seconds.[0m
[0mCompiling "target/server_out/dbseed.js" from ["server_src" "dev"]...
WARNING: Use of undeclared Var dbseed.core/use at line 10 server_src/dbseed/core.cljs
[31mCompiling "target/server_out/dbseed.js" failed.
[0mANALYSIS ERROR: Too many arguments to def at line 12 server_src/dbseed/core.cljs on file server_src/dbseed/core.cljs, line 12, column 1
[32mSuccessfully compiled "target/server_out/dbseed.js" in 0.056 seconds.[0m
[0mCompiling "target/server_out/dbseed.js" from ["server_src" "dev"]...
WARNING: Use of undeclared Var dbseed.core/use at line 10 server_src/dbseed/core.cljs
[31mCompiling "target/server_out/dbseed.js" failed.
[0mANALYSIS ERROR: Too many arguments to def at line 12 server_src/dbseed/core.cljs on file server_src/dbseed/core.cljs, line 12, column 1
[32mSuccessfully compiled "target/server_out/dbseed.js" in 0.055 seconds.[0m
[0mCompiling "target/server_out/dbseed.js" from ["server_src" "dev"]...
[31mCompiling "target/server_out/dbseed.js" failed.
[0mANALYSIS ERROR: Too many arguments to def at line 12 /Users/yeehaa/Documents/dbseed/server_src/dbseed/core.cljs on file /Users/yeehaa/Documents/dbseed/server_src/dbseed/core.cljs, line 12, column 1
[32mSuccessfully compiled "target/server_out/dbseed.js" in 0.069 seconds.[0m
[0mCompiling "target/server_out/dbseed.js" from ["server_src" "dev"]...
[31mCompiling "target/server_out/dbseed.js" failed.
[0mANALYSIS ERROR: Too many arguments to def at line 12 server_src/dbseed/core.cljs on file server_src/dbseed/core.cljs, line 12, column 1
[32mSuccessfully compiled "target/server_out/dbseed.js" in 0.034 seconds.[0m
[0mCompiling "target/server_out/dbseed.js" from ["server_src" "dev"]...
[31mCompiling "target/server_out/dbseed.js" failed.
[0mANALYSIS ERROR: Too many arguments to def at line 12 server_src/dbseed/core.cljs on file server_src/dbseed/core.cljs, line 12, column 1
[32mSuccessfully compiled "target/server_out/dbseed.js" in 0.03 seconds.[0m
[0mCompiling "target/server_out/dbseed.js" from ["server_src" "dev"]...
notifying browser that file changed:  target/server_out/cljs_deps.js
notifying browser that file changed:  out/dbseed/core.js
[32mSuccessfully compiled "target/server_out/dbseed.js" in 0.192 seconds.[0m
[0mCompiling "target/server_out/dbseed.js" from ["server_src" "dev"]...
WARNING: list already refers to: cljs.core/list being replaced by: dbseed.core/list at line 12 server_src/dbseed/core.cljs
notifying browser that file changed:  target/server_out/cljs_deps.js
notifying browser that file changed:  out/dbseed/core.js
[32mSuccessfully compiled "target/server_out/dbseed.js" in 0.189 seconds.[0m
[0mCompiling "target/server_out/dbseed.js" from ["server_src" "dev"]...
notifying browser that file changed:  target/server_out/cljs_deps.js
notifying browser that file changed:  out/dbseed/core.js
[32mSuccessfully compiled "target/server_out/dbseed.js" in 0.16 seconds.[0m
[0mCompiling "target/server_out/dbseed.js" from ["server_src" "dev"]...
notifying browser that file changed:  target/server_out/cljs_deps.js
notifying browser that file changed:  out/dbseed/core.js
[32mSuccessfully compiled "target/server_out/dbseed.js" in 0.166 seconds.[0m
[0mCompiling "target/server_out/dbseed.js" from ["server_src" "dev"]...
notifying browser that file changed:  target/server_out/cljs_deps.js
notifying browser that file changed:  out/dbseed/core.js
[32mSuccessfully compiled "target/server_out/dbseed.js" in 0.161 seconds.[0m
[0mCompiling "target/server_out/dbseed.js" from ["server_src" "dev"]...
notifying browser that file changed:  target/server_out/cljs_deps.js
notifying browser that file changed:  out/dbseed/core.js
[32mSuccessfully compiled "target/server_out/dbseed.js" in 0.193 seconds.[0m
[0mCompiling "target/server_out/dbseed.js" from ["server_src" "dev"]...
notifying browser that file changed:  target/server_out/cljs_deps.js
notifying browser that file changed:  out/dbseed/core.js
[32mSuccessfully compiled "target/server_out/dbseed.js" in 0.192 seconds.[0m
[0mCompiling "target/server_out/dbseed.js" from ["server_src" "dev"]...
notifying browser that file changed:  target/server_out/cljs_deps.js
notifying browser that file changed:  out/dbseed/core.js
[32mSuccessfully compiled "target/server_out/dbseed.js" in 0.2 seconds.[0m
[0mCompiling "target/server_out/dbseed.js" from ["server_src" "dev"]...
WARNING: Wrong number of args (0) passed to dbseed.core/to-clj at line 18 /Users/yeehaa/Documents/dbseed/server_src/dbseed/core.cljs
notifying browser that file changed:  target/server_out/cljs_deps.js
notifying browser that file changed:  out/dbseed/core.js
[32mSuccessfully compiled "target/server_out/dbseed.js" in 0.199 seconds.[0m
[0mCompiling "target/server_out/dbseed.js" from ["server_src" "dev"]...
notifying browser that file changed:  target/server_out/cljs_deps.js
notifying browser that file changed:  out/dbseed/core.js
[32mSuccessfully compiled "target/server_out/dbseed.js" in 0.166 seconds.[0m
[0mCompiling "target/server_out/dbseed.js" from ["server_src" "dev"]...
[31mCompiling "target/server_out/dbseed.js" failed.
[0mERROR: Unmatched delimiter ) on file /Users/yeehaa/Documents/dbseed/server_src/dbseed/core.cljs, line 21, column 22
[32mSuccessfully compiled "target/server_out/dbseed.js" in 0.04 seconds.[0m
[0mCompiling "target/server_out/dbseed.js" from ["server_src" "dev"]...
notifying browser that file changed:  target/server_out/cljs_deps.js
notifying browser that file changed:  out/dbseed/core.js
[32mSuccessfully compiled "target/server_out/dbseed.js" in 0.163 seconds.[0m
[0mCompiling "target/server_out/dbseed.js" from ["server_src" "dev"]...
notifying browser that file changed:  target/server_out/cljs_deps.js
notifying browser that file changed:  out/dbseed/core.js
[32mSuccessfully compiled "target/server_out/dbseed.js" in 0.167 seconds.[0m
[0mCompiling "target/server_out/dbseed.js" from ["server_src" "dev"]...
[31mCompiling "target/server_out/dbseed.js" failed.
[0mERROR: Unmatched delimiter ) on file /Users/yeehaa/Documents/dbseed/server_src/dbseed/core.cljs, line 18, column 54
[32mSuccessfully compiled "target/server_out/dbseed.js" in 0.035 seconds.[0m
[0mCompiling "target/server_out/dbseed.js" from ["server_src" "dev"]...
notifying browser that file changed:  target/server_out/cljs_deps.js
notifying browser that file changed:  out/dbseed/core.js
[32mSuccessfully compiled "target/server_out/dbseed.js" in 0.168 seconds.[0m
[0mCompiling "target/server_out/dbseed.js" from ["server_src" "dev"]...
notifying browser that file changed:  target/server_out/cljs_deps.js
notifying browser that file changed:  out/dbseed/core.js
[32mSuccessfully compiled "target/server_out/dbseed.js" in 0.139 seconds.[0m
[0mCompiling "target/server_out/dbseed.js" from ["server_src" "dev"]...
notifying browser that file changed:  target/server_out/cljs_deps.js
notifying browser that file changed:  out/dbseed/core.js
[32mSuccessfully compiled "target/server_out/dbseed.js" in 0.135 seconds.[0m
[0mCompiling "target/server_out/dbseed.js" from ["server_src" "dev"]...
notifying browser that file changed:  target/server_out/cljs_deps.js
notifying browser that file changed:  out/dbseed/core.js
[32mSuccessfully compiled "target/server_out/dbseed.js" in 0.142 seconds.[0m
[0mCompiling "target/server_out/dbseed.js" from ["server_src" "dev"]...
notifying browser that file changed:  target/server_out/cljs_deps.js
notifying browser that file changed:  out/dbseed/core.js
[32mSuccessfully compiled "target/server_out/dbseed.js" in 0.161 seconds.[0m
[0mCompiling "target/server_out/dbseed.js" from ["server_src" "dev"]...
notifying browser that file changed:  target/server_out/cljs_deps.js
notifying browser that file changed:  out/dbseed/core.js
[32mSuccessfully compiled "target/server_out/dbseed.js" in 0.137 seconds.[0m
[0mCompiling "target/server_out/dbseed.js" from ["server_src" "dev"]...
notifying browser that file changed:  target/server_out/cljs_deps.js
notifying browser that file changed:  out/dbseed/core.js
[32mSuccessfully compiled "target/server_out/dbseed.js" in 0.142 seconds.[0m
[0mCompiling "target/server_out/dbseed.js" from ["server_src" "dev"]...
notifying browser that file changed:  target/server_out/cljs_deps.js
notifying browser that file changed:  out/dbseed/core.js
[32mSuccessfully compiled "target/server_out/dbseed.js" in 0.194 seconds.[0m
[0mCompiling "target/server_out/dbseed.js" from ["server_src" "dev"]...
notifying browser that file changed:  target/server_out/cljs_deps.js
notifying browser that file changed:  out/dbseed/core.js
[32mSuccessfully compiled "target/server_out/dbseed.js" in 0.156 seconds.[0m
[0mCompiling "target/server_out/dbseed.js" from ["server_src" "dev"]...
notifying browser that file changed:  target/server_out/cljs_deps.js
notifying browser that file changed:  out/dbseed/core.js
[32mSuccessfully compiled "target/server_out/dbseed.js" in 0.118 seconds.[0m
[0mCompiling "target/server_out/dbseed.js" from ["server_src" "dev"]...
[31mCompiling "target/server_out/dbseed.js" failed.
[0mERROR: Unmatched delimiter ] on file /Users/yeehaa/Documents/dbseed/server_src/dbseed/core.cljs, line 21, column 47
[32mSuccessfully compiled "target/server_out/dbseed.js" in 0.061 seconds.[0m
[0mCompiling "target/server_out/dbseed.js" from ["server_src" "dev"]...
[31mCompiling "target/server_out/dbseed.js" failed.
[0mERROR: Unmatched delimiter ] on file /Users/yeehaa/Documents/dbseed/server_src/dbseed/core.cljs, line 21, column 48
[32mSuccessfully compiled "target/server_out/dbseed.js" in 0.054 seconds.[0m
[0mCompiling "target/server_out/dbseed.js" from ["server_src" "dev"]...
notifying browser that file changed:  target/server_out/cljs_deps.js
notifying browser that file changed:  out/dbseed/core.js
[32mSuccessfully compiled "target/server_out/dbseed.js" in 0.189 seconds.[0m
[0mCompiling "target/server_out/dbseed.js" from ["server_src" "dev"]...
WARNING: Use of undeclared Var dbseed.core/emit at line 23 /Users/yeehaa/Documents/dbseed/server_src/dbseed/core.cljs
notifying browser that file changed:  target/server_out/cljs_deps.js
notifying browser that file changed:  out/dbseed/core.js
[32mSuccessfully compiled "target/server_out/dbseed.js" in 0.343 seconds.[0m
[0mCompiling "target/server_out/dbseed.js" from ["server_src" "dev"]...
notifying browser that file changed:  target/server_out/cljs_deps.js
notifying browser that file changed:  out/dbseed/core.js
[32mSuccessfully compiled "target/server_out/dbseed.js" in 0.227 seconds.[0m
[0mCompiling "target/server_out/dbseed.js" from ["server_src" "dev"]...
notifying browser that file changed:  target/server_out/cljs_deps.js
notifying browser that file changed:  out/dbseed/core.js
[32mSuccessfully compiled "target/server_out/dbseed.js" in 0.229 seconds.[0m
[0mCompiling "target/server_out/dbseed.js" from ["server_src" "dev"]...
notifying browser that file changed:  target/server_out/cljs_deps.js
notifying browser that file changed:  out/dbseed/core.js
[32mSuccessfully compiled "target/server_out/dbseed.js" in 0.761 seconds.[0m
[0mCompiling "target/server_out/dbseed.js" from ["server_src" "dev"]...
notifying browser that file changed:  target/server_out/cljs_deps.js
notifying browser that file changed:  out/dbseed/core.js
[32mSuccessfully compiled "target/server_out/dbseed.js" in 0.243 seconds.[0m
[0mCompiling "target/server_out/dbseed.js" from ["server_src" "dev"]...
notifying browser that file changed:  target/server_out/cljs_deps.js
notifying browser that file changed:  out/dbseed/core.js
[32mSuccessfully compiled "target/server_out/dbseed.js" in 0.243 seconds.[0m
[0mCompiling "target/server_out/dbseed.js" from ["server_src" "dev"]...
notifying browser that file changed:  target/server_out/cljs_deps.js
notifying browser that file changed:  out/dbseed/core.js
[32mSuccessfully compiled "target/server_out/dbseed.js" in 0.299 seconds.[0m
[0mCompiling "target/server_out/dbseed.js" from ["server_src" "dev"]...
notifying browser that file changed:  target/server_out/cljs_deps.js
notifying browser that file changed:  out/dbseed/core.js
[32mSuccessfully compiled "target/server_out/dbseed.js" in 0.157 seconds.[0m
[0mCompiling "target/server_out/dbseed.js" from ["server_src" "dev"]...
notifying browser that file changed:  target/server_out/cljs_deps.js
notifying browser that file changed:  out/dbseed/core.js
[32mSuccessfully compiled "target/server_out/dbseed.js" in 0.148 seconds.[0m
[0mCompiling "target/server_out/dbseed.js" from ["server_src" "dev"]...
WARNING: Use of undeclared Var dbseed.core/goal at line 25 server_src/dbseed/core.cljs
notifying browser that file changed:  target/server_out/cljs_deps.js
notifying browser that file changed:  out/dbseed/core.js
[32mSuccessfully compiled "target/server_out/dbseed.js" in 0.157 seconds.[0m
[0mCompiling "target/server_out/dbseed.js" from ["server_src" "dev"]...
notifying browser that file changed:  target/server_out/cljs_deps.js
notifying browser that file changed:  out/dbseed/core.js
[32mSuccessfully compiled "target/server_out/dbseed.js" in 0.173 seconds.[0m
[0mCompiling "target/server_out/dbseed.js" from ["server_src" "dev"]...
notifying browser that file changed:  target/server_out/cljs_deps.js
notifying browser that file changed:  out/dbseed/core.js
[32mSuccessfully compiled "target/server_out/dbseed.js" in 0.233 seconds.[0m
[0mCompiling "target/server_out/dbseed.js" from ["server_src" "dev"]...
notifying browser that file changed:  target/server_out/cljs_deps.js
notifying browser that file changed:  out/dbseed/core.js
[32mSuccessfully compiled "target/server_out/dbseed.js" in 0.142 seconds.[0m
[0mCompiling "target/server_out/dbseed.js" from ["server_src" "dev"]...
notifying browser that file changed:  target/server_out/cljs_deps.js
notifying browser that file changed:  out/dbseed/core.js
[32mSuccessfully compiled "target/server_out/dbseed.js" in 0.17 seconds.[0m
[0mCompiling "target/server_out/dbseed.js" from ["server_src" "dev"]...
notifying browser that file changed:  target/server_out/cljs_deps.js
notifying browser that file changed:  out/dbseed/core.js
[32mSuccessfully compiled "target/server_out/dbseed.js" in 0.146 seconds.[0m
[0mCompiling "target/server_out/dbseed.js" from ["server_src" "dev"]...
notifying browser that file changed:  target/server_out/cljs_deps.js
notifying browser that file changed:  out/dbseed/core.js
[32mSuccessfully compiled "target/server_out/dbseed.js" in 0.156 seconds.[0m
[0mCompiling "target/server_out/dbseed.js" from ["server_src" "dev"]...
notifying browser that file changed:  target/server_out/cljs_deps.js
notifying browser that file changed:  out/dbseed/core.js
[32mSuccessfully compiled "target/server_out/dbseed.js" in 0.133 seconds.[0m
[0mCompiling "target/server_out/dbseed.js" from ["server_src" "dev"]...
notifying browser that file changed:  target/server_out/cljs_deps.js
notifying browser that file changed:  out/dbseed/core.js
[32mSuccessfully compiled "target/server_out/dbseed.js" in 0.134 seconds.[0m
[0mCompiling "target/server_out/dbseed.js" from ["server_src" "dev"]...
notifying browser that file changed:  target/server_out/cljs_deps.js
notifying browser that file changed:  out/dbseed/core.js
[32mSuccessfully compiled "target/server_out/dbseed.js" in 0.155 seconds.[0m
[0mCompiling "target/server_out/dbseed.js" from ["server_src" "dev"]...
notifying browser that file changed:  target/server_out/cljs_deps.js
notifying browser that file changed:  out/dbseed/core.js
[32mSuccessfully compiled "target/server_out/dbseed.js" in 0.264 seconds.[0m
[0mCompiling "target/server_out/dbseed.js" from ["server_src" "dev"]...
notifying browser that file changed:  target/server_out/cljs_deps.js
notifying browser that file changed:  out/dbseed/core.js
[32mSuccessfully compiled "target/server_out/dbseed.js" in 0.123 seconds.[0m
[0mCompiling "target/server_out/dbseed.js" from ["server_src" "dev"]...
notifying browser that file changed:  target/server_out/cljs_deps.js
notifying browser that file changed:  out/dbseed/core.js
[32mSuccessfully compiled "target/server_out/dbseed.js" in 0.193 seconds.[0m
[0mCompiling "target/server_out/dbseed.js" from ["server_src" "dev"]...
notifying browser that file changed:  target/server_out/cljs_deps.js
notifying browser that file changed:  out/dbseed/core.js
[32mSuccessfully compiled "target/server_out/dbseed.js" in 0.164 seconds.[0m
[0mCompiling "target/server_out/dbseed.js" from ["server_src" "dev"]...
WARNING: Use of undeclared Var dbseed.core/Object at line 30 server_src/dbseed/core.cljs
notifying browser that file changed:  target/server_out/cljs_deps.js
notifying browser that file changed:  out/dbseed/core.js
[32mSuccessfully compiled "target/server_out/dbseed.js" in 0.533 seconds.[0m
[0mCompiling "target/server_out/dbseed.js" from ["server_src" "dev"]...
notifying browser that file changed:  target/server_out/cljs_deps.js
notifying browser that file changed:  out/dbseed/core.js
[32mSuccessfully compiled "target/server_out/dbseed.js" in 0.387 seconds.[0m
[0mCompiling "target/server_out/dbseed.js" from ["server_src" "dev"]...
notifying browser that file changed:  target/server_out/cljs_deps.js
notifying browser that file changed:  out/dbseed/core.js
[32mSuccessfully compiled "target/server_out/dbseed.js" in 0.637 seconds.[0m
[0mCompiling "target/server_out/dbseed.js" from ["server_src" "dev"]...
notifying browser that file changed:  target/server_out/cljs_deps.js
notifying browser that file changed:  out/dbseed/core.js
[32mSuccessfully compiled "target/server_out/dbseed.js" in 0.23 seconds.[0m
[0mCompiling "target/server_out/dbseed.js" from ["server_src" "dev"]...
notifying browser that file changed:  target/server_out/cljs_deps.js
notifying browser that file changed:  out/dbseed/core.js
[32mSuccessfully compiled "target/server_out/dbseed.js" in 0.288 seconds.[0m
[0mCompiling "target/server_out/dbseed.js" from ["server_src" "dev"]...
notifying browser that file changed:  target/server_out/cljs_deps.js
notifying browser that file changed:  out/dbseed/core.js
[32mSuccessfully compiled "target/server_out/dbseed.js" in 0.228 seconds.[0m
[0mCompiling "target/server_out/dbseed.js" from ["server_src" "dev"]...
notifying browser that file changed:  target/server_out/cljs_deps.js
notifying browser that file changed:  out/dbseed/core.js
[32mSuccessfully compiled "target/server_out/dbseed.js" in 0.249 seconds.[0m
[0mCompiling "target/server_out/dbseed.js" from ["server_src" "dev"]...
notifying browser that file changed:  target/server_out/cljs_deps.js
notifying browser that file changed:  out/dbseed/core.js
[32mSuccessfully compiled "target/server_out/dbseed.js" in 0.167 seconds.[0m
[0mCompiling "target/server_out/dbseed.js" from ["server_src" "dev"]...
notifying browser that file changed:  target/server_out/cljs_deps.js
notifying browser that file changed:  out/dbseed/core.js
[32mSuccessfully compiled "target/server_out/dbseed.js" in 0.206 seconds.[0m
[0mCompiling "target/server_out/dbseed.js" from ["server_src" "dev"]...
[31mCompiling "target/server_out/dbseed.js" failed.
[0mANALYSIS ERROR: Unknown dot form of (. (. (apply [] course-tags) concat) [] nil) with classification [:cljs.analyzer/expr :cljs.analyzer/error ()] at line 34 server_src/dbseed/core.cljs on file server_src/dbseed/core.cljs, line 34, column 40
[32mSuccessfully compiled "target/server_out/dbseed.js" in 0.384 seconds.[0m
[0mCompiling "target/server_out/dbseed.js" from ["server_src" "dev"]...
[31mCompiling "target/server_out/dbseed.js" failed.
[0mANALYSIS ERROR: Unknown dot form of (. (. (js/apply [] course-tags) concat) [] nil) with classification [:cljs.analyzer/expr :cljs.analyzer/error ()] at line 34 /Users/yeehaa/Documents/dbseed/server_src/dbseed/core.cljs on file /Users/yeehaa/Documents/dbseed/server_src/dbseed/core.cljs, line 34, column 40
[32mSuccessfully compiled "target/server_out/dbseed.js" in 0.08 seconds.[0m
[0mCompiling "target/server_out/dbseed.js" from ["server_src" "dev"]...
[31mCompiling "target/server_out/dbseed.js" failed.
[0mANALYSIS ERROR: Unknown dot form of (. (. concat (apply [] course-tags)) [] nil) with classification [:cljs.analyzer/expr :cljs.analyzer/error ()] at line 34 /Users/yeehaa/Documents/dbseed/server_src/dbseed/core.cljs on file /Users/yeehaa/Documents/dbseed/server_src/dbseed/core.cljs, line 34, column 40
[32mSuccessfully compiled "target/server_out/dbseed.js" in 0.076 seconds.[0m
[0mCompiling "target/server_out/dbseed.js" from ["server_src" "dev"]...
[31mCompiling "target/server_out/dbseed.js" failed.
[0mANALYSIS ERROR: Unknown dot form of (. concat [] nil) with classification [:cljs.analyzer/expr :cljs.analyzer/error ()] at line 34 server_src/dbseed/core.cljs on file server_src/dbseed/core.cljs, line 34, column 40
[32mSuccessfully compiled "target/server_out/dbseed.js" in 0.061 seconds.[0m
[0mCompiling "target/server_out/dbseed.js" from ["server_src" "dev"]...
[31mCompiling "target/server_out/dbseed.js" failed.
[0mANALYSIS ERROR: Unknown dot form of (. js/concat [] nil) with classification [:cljs.analyzer/expr :cljs.analyzer/error ()] at line 34 server_src/dbseed/core.cljs on file server_src/dbseed/core.cljs, line 34, column 40
[32mSuccessfully compiled "target/server_out/dbseed.js" in 0.044 seconds.[0m
[0mCompiling "target/server_out/dbseed.js" from ["server_src" "dev"]...
notifying browser that file changed:  target/server_out/cljs_deps.js
notifying browser that file changed:  out/dbseed/core.js
[32mSuccessfully compiled "target/server_out/dbseed.js" in 0.163 seconds.[0m
[0mCompiling "target/server_out/dbseed.js" from ["server_src" "dev"]...
notifying browser that file changed:  target/server_out/cljs_deps.js
notifying browser that file changed:  out/dbseed/core.js
[32mSuccessfully compiled "target/server_out/dbseed.js" in 0.135 seconds.[0m
[0mCompiling "target/server_out/dbseed.js" from ["server_src" "dev"]...
notifying browser that file changed:  target/server_out/cljs_deps.js
notifying browser that file changed:  out/dbseed/core.js
[32mSuccessfully compiled "target/server_out/dbseed.js" in 0.163 seconds.[0m
[0mCompiling "target/server_out/dbseed.js" from ["server_src" "dev"]...
notifying browser that file changed:  target/server_out/cljs_deps.js
notifying browser that file changed:  out/dbseed/core.js
[32mSuccessfully compiled "target/server_out/dbseed.js" in 0.178 seconds.[0m
[0mCompiling "target/server_out/dbseed.js" from ["server_src" "dev"]...
notifying browser that file changed:  target/server_out/cljs_deps.js
notifying browser that file changed:  out/dbseed/core.js
[32mSuccessfully compiled "target/server_out/dbseed.js" in 0.142 seconds.[0m
[0mCompiling "target/server_out/dbseed.js" from ["server_src" "dev"]...
[31mCompiling "target/server_out/dbseed.js" failed.
[0mERROR: Unmatched delimiter ) on file /Users/yeehaa/Documents/dbseed/server_src/dbseed/core.cljs, line 36, column 57
[32mSuccessfully compiled "target/server_out/dbseed.js" in 0.039 seconds.[0m
[0mCompiling "target/server_out/dbseed.js" from ["server_src" "dev"]...
WARNING: Use of undeclared Var dbseed.core/doc at line 20 server_src/dbseed/core.cljs
[31mCompiling "target/server_out/dbseed.js" failed.
[0mERROR: Unmatched delimiter ) on file /Users/yeehaa/Documents/dbseed/server_src/dbseed/core.cljs, line 36, column 58
[32mSuccessfully compiled "target/server_out/dbseed.js" in 0.048 seconds.[0m
[0mCompiling "target/server_out/dbseed.js" from ["server_src" "dev"]...
WARNING: Use of undeclared Var dbseed.core/doc at line 20 server_src/dbseed/core.cljs
[31mCompiling "target/server_out/dbseed.js" failed.
[0mERROR: Unmatched delimiter ) on file /Users/yeehaa/Documents/dbseed/server_src/dbseed/core.cljs, line 36, column 62
[32mSuccessfully compiled "target/server_out/dbseed.js" in 0.051 seconds.[0m
[0mCompiling "target/server_out/dbseed.js" from ["server_src" "dev"]...
WARNING: Use of undeclared Var dbseed.core/doc at line 20 server_src/dbseed/core.cljs
notifying browser that file changed:  target/server_out/cljs_deps.js
notifying browser that file changed:  out/dbseed/core.js
[32mSuccessfully compiled "target/server_out/dbseed.js" in 0.145 seconds.[0m
[0mCompiling "target/server_out/dbseed.js" from ["server_src" "dev"]...
notifying browser that file changed:  target/server_out/cljs_deps.js
notifying browser that file changed:  out/dbseed/core.js
[32mSuccessfully compiled "target/server_out/dbseed.js" in 0.145 seconds.[0m
[0mCompiling "target/server_out/dbseed.js" from ["server_src" "dev"]...
notifying browser that file changed:  target/server_out/cljs_deps.js
notifying browser that file changed:  out/dbseed/core.js
[32mSuccessfully compiled "target/server_out/dbseed.js" in 0.139 seconds.[0m
[0mCompiling "target/server_out/dbseed.js" from ["server_src" "dev"]...
notifying browser that file changed:  target/server_out/cljs_deps.js
notifying browser that file changed:  out/dbseed/core.js
[32mSuccessfully compiled "target/server_out/dbseed.js" in 0.14 seconds.[0m
[0mCompiling "target/server_out/dbseed.js" from ["server_src" "dev"]...
[31mCompiling "target/server_out/dbseed.js" failed.
[0mERROR: Invalid token: js/ on file /Users/yeehaa/Documents/dbseed/server_src/dbseed/core.cljs, line 34, column 54
[32mSuccessfully compiled "target/server_out/dbseed.js" in 0.035 seconds.[0m
[0mCompiling "target/server_out/dbseed.js" from ["server_src" "dev"]...
notifying browser that file changed:  target/server_out/cljs_deps.js
notifying browser that file changed:  out/dbseed/core.js
[32mSuccessfully compiled "target/server_out/dbseed.js" in 0.152 seconds.[0m
[0mCompiling "target/server_out/dbseed.js" from ["server_src" "dev"]...
notifying browser that file changed:  target/server_out/cljs_deps.js
notifying browser that file changed:  out/dbseed/core.js
[32mSuccessfully compiled "target/server_out/dbseed.js" in 0.138 seconds.[0m
[0mCompiling "target/server_out/dbseed.js" from ["server_src" "dev"]...
notifying browser that file changed:  target/server_out/cljs_deps.js
notifying browser that file changed:  out/dbseed/core.js
[32mSuccessfully compiled "target/server_out/dbseed.js" in 0.165 seconds.[0m
[0mCompiling "target/server_out/dbseed.js" from ["server_src" "dev"]...
notifying browser that file changed:  target/server_out/cljs_deps.js
notifying browser that file changed:  out/dbseed/core.js
[32mSuccessfully compiled "target/server_out/dbseed.js" in 0.176 seconds.[0m
[0mCompiling "target/server_out/dbseed.js" from ["server_src" "dev"]...
notifying browser that file changed:  target/server_out/cljs_deps.js
notifying browser that file changed:  out/dbseed/core.js
[32mSuccessfully compiled "target/server_out/dbseed.js" in 0.236 seconds.[0m
[0mCompiling "target/server_out/dbseed.js" from ["server_src" "dev"]...
WARNING: Use of undeclared Var dbseed.core/tags at line 34 server_src/dbseed/core.cljs
notifying browser that file changed:  target/server_out/cljs_deps.js
notifying browser that file changed:  out/dbseed/core.js
[32mSuccessfully compiled "target/server_out/dbseed.js" in 0.22 seconds.[0m
[0mCompiling "target/server_out/dbseed.js" from ["server_src" "dev"]...
[31mCompiling "target/server_out/dbseed.js" failed.
[0mERROR: Unmatched delimiter ) on file /Users/yeehaa/Documents/dbseed/server_src/dbseed/core.cljs, line 36, column 51
[32mSuccessfully compiled "target/server_out/dbseed.js" in 0.034 seconds.[0m
[0mCompiling "target/server_out/dbseed.js" from ["server_src" "dev"]...
[31mCompiling "target/server_out/dbseed.js" failed.
[0mERROR: EOF while reading, starting at line 27 and column 21 on file /Users/yeehaa/Documents/dbseed/server_src/dbseed/core.cljs, line 46, column 1
[32mSuccessfully compiled "target/server_out/dbseed.js" in 0.033 seconds.[0m
[0mCompiling "target/server_out/dbseed.js" from ["server_src" "dev"]...
[31mCompiling "target/server_out/dbseed.js" failed.
[0mERROR: EOF while reading, starting at line 27 and column 21 on file /Users/yeehaa/Documents/dbseed/server_src/dbseed/core.cljs, line 46, column 1
[32mSuccessfully compiled "target/server_out/dbseed.js" in 0.035 seconds.[0m
[0mCompiling "target/server_out/dbseed.js" from ["server_src" "dev"]...
[31mCompiling "target/server_out/dbseed.js" failed.
[0mERROR: EOF while reading, starting at line 27 and column 21 on file /Users/yeehaa/Documents/dbseed/server_src/dbseed/core.cljs, line 46, column 1
[32mSuccessfully compiled "target/server_out/dbseed.js" in 0.036 seconds.[0m
[0mCompiling "target/server_out/dbseed.js" from ["server_src" "dev"]...
[31mCompiling "target/server_out/dbseed.js" failed.
[0mERROR: EOF while reading, starting at line 27 and column 21 on file /Users/yeehaa/Documents/dbseed/server_src/dbseed/core.cljs, line 45, column 1
[32mSuccessfully compiled "target/server_out/dbseed.js" in 0.038 seconds.[0m
[0mCompiling "target/server_out/dbseed.js" from ["server_src" "dev"]...
[31mCompiling "target/server_out/dbseed.js" failed.
[0mERROR: Unmatched delimiter ) on file /Users/yeehaa/Documents/dbseed/server_src/dbseed/core.cljs, line 36, column 52
[32mSuccessfully compiled "target/server_out/dbseed.js" in 0.043 seconds.[0m
[0mCompiling "target/server_out/dbseed.js" from ["server_src" "dev"]...
notifying browser that file changed:  target/server_out/cljs_deps.js
notifying browser that file changed:  out/dbseed/core.js
[32mSuccessfully compiled "target/server_out/dbseed.js" in 0.125 seconds.[0m
[0mCompiling "target/server_out/dbseed.js" from ["server_src" "dev"]...
notifying browser that file changed:  target/server_out/cljs_deps.js
notifying browser that file changed:  out/dbseed/core.js
[32mSuccessfully compiled "target/server_out/dbseed.js" in 0.156 seconds.[0m
[0mCompiling "target/server_out/dbseed.js" from ["server_src" "dev"]...
notifying browser that file changed:  target/server_out/cljs_deps.js
notifying browser that file changed:  out/dbseed/core.js
[32mSuccessfully compiled "target/server_out/dbseed.js" in 0.175 seconds.[0m
[0mCompiling "target/server_out/dbseed.js" from ["server_src" "dev"]...
[31mCompiling "target/server_out/dbseed.js" failed.
[0mANALYSIS ERROR: let requires an even number of forms in binding vector at line 28 server_src/dbseed/core.cljs on file server_src/dbseed/core.cljs, line 28, column 29
[32mSuccessfully compiled "target/server_out/dbseed.js" in 0.047 seconds.[0m
[0mCompiling "target/server_out/dbseed.js" from ["server_src" "dev"]...
notifying browser that file changed:  target/server_out/cljs_deps.js
notifying browser that file changed:  out/dbseed/core.js
[32mSuccessfully compiled "target/server_out/dbseed.js" in 0.147 seconds.[0m
[0mCompiling "target/server_out/dbseed.js" from ["server_src" "dev"]...
WARNING: Use of undeclared Var dbseed.core/course-tags at line 36 /Users/yeehaa/Documents/dbseed/server_src/dbseed/core.cljs
notifying browser that file changed:  target/server_out/cljs_deps.js
notifying browser that file changed:  out/dbseed/core.js
[32mSuccessfully compiled "target/server_out/dbseed.js" in 0.168 seconds.[0m
[0mCompiling "target/server_out/dbseed.js" from ["server_src" "dev"]...
WARNING: Use of undeclared Var dbseed.core/course-tags at line 36 /Users/yeehaa/Documents/dbseed/server_src/dbseed/core.cljs
WARNING: Use of undeclared Var dbseed.core/_count at line 37 /Users/yeehaa/Documents/dbseed/server_src/dbseed/core.cljs
notifying browser that file changed:  target/server_out/cljs_deps.js
notifying browser that file changed:  out/dbseed/core.js
[32mSuccessfully compiled "target/server_out/dbseed.js" in 0.2 seconds.[0m
[0mCompiling "target/server_out/dbseed.js" from ["server_src" "dev"]...
WARNING: Use of undeclared Var dbseed.core/_count at line 37 server_src/dbseed/core.cljs
notifying browser that file changed:  target/server_out/cljs_deps.js
notifying browser that file changed:  out/dbseed/core.js
[32mSuccessfully compiled "target/server_out/dbseed.js" in 0.161 seconds.[0m
[0mCompiling "target/server_out/dbseed.js" from ["server_src" "dev"]...
notifying browser that file changed:  target/server_out/cljs_deps.js
notifying browser that file changed:  out/dbseed/core.js
[32mSuccessfully compiled "target/server_out/dbseed.js" in 0.153 seconds.[0m
[0mCompiling "target/server_out/dbseed.js" from ["server_src" "dev"]...
notifying browser that file changed:  target/server_out/cljs_deps.js
notifying browser that file changed:  out/dbseed/core.js
[32mSuccessfully compiled "target/server_out/dbseed.js" in 0.119 seconds.[0m
[0mCompiling "target/server_out/dbseed.js" from ["server_src" "dev"]...
[31mCompiling "target/server_out/dbseed.js" failed.
[0mERROR: Unmatched delimiter } on file /Users/yeehaa/Documents/dbseed/server_src/dbseed/core.cljs, line 37, column 40
[32mSuccessfully compiled "target/server_out/dbseed.js" in 0.031 seconds.[0m
[0mCompiling "target/server_out/dbseed.js" from ["server_src" "dev"]...
WARNING: Use of undeclared Var dbseed.core/%1 at line 36 /Users/yeehaa/Documents/dbseed/server_src/dbseed/core.cljs
notifying browser that file changed:  target/server_out/cljs_deps.js
notifying browser that file changed:  out/dbseed/core.js
[32mSuccessfully compiled "target/server_out/dbseed.js" in 0.145 seconds.[0m
[0mCompiling "target/server_out/dbseed.js" from ["server_src" "dev"]...
notifying browser that file changed:  target/server_out/cljs_deps.js
notifying browser that file changed:  out/dbseed/core.js
[32mSuccessfully compiled "target/server_out/dbseed.js" in 0.149 seconds.[0m
[0mCompiling "target/server_out/dbseed.js" from ["server_src" "dev"]...
notifying browser that file changed:  target/server_out/cljs_deps.js
notifying browser that file changed:  out/dbseed/core.js
[32mSuccessfully compiled "target/server_out/dbseed.js" in 0.166 seconds.[0m
[0mCompiling "target/server_out/dbseed.js" from ["server_src" "dev"]...
[31mCompiling "target/server_out/dbseed.js" failed.
[0mERROR: Unmatched delimiter ) on file /Users/yeehaa/Documents/dbseed/server_src/dbseed/core.cljs, line 36, column 77
[32mSuccessfully compiled "target/server_out/dbseed.js" in 0.034 seconds.[0m
[0mCompiling "target/server_out/dbseed.js" from ["server_src" "dev"]...
notifying browser that file changed:  target/server_out/cljs_deps.js
notifying browser that file changed:  out/dbseed/core.js
[32mSuccessfully compiled "target/server_out/dbseed.js" in 0.137 seconds.[0m
[0mCompiling "target/server_out/dbseed.js" from ["server_src" "dev"]...
notifying browser that file changed:  target/server_out/cljs_deps.js
notifying browser that file changed:  out/dbseed/core.js
[32mSuccessfully compiled "target/server_out/dbseed.js" in 0.173 seconds.[0m
[0mCompiling "target/server_out/dbseed.js" from ["server_src" "dev"]...
notifying browser that file changed:  target/server_out/cljs_deps.js
notifying browser that file changed:  out/dbseed/core.js
[32mSuccessfully compiled "target/server_out/dbseed.js" in 0.153 seconds.[0m
[0mCompiling "target/server_out/dbseed.js" from ["server_src" "dev"]...
notifying browser that file changed:  target/server_out/cljs_deps.js
notifying browser that file changed:  out/dbseed/core.js
[32mSuccessfully compiled "target/server_out/dbseed.js" in 0.121 seconds.[0m
[0mCompiling "target/server_out/dbseed.js" from ["server_src" "dev"]...
notifying browser that file changed:  target/server_out/cljs_deps.js
notifying browser that file changed:  out/dbseed/core.js
[32mSuccessfully compiled "target/server_out/dbseed.js" in 0.122 seconds.[0m
[0mCompiling "target/server_out/dbseed.js" from ["server_src" "dev"]...
notifying browser that file changed:  target/server_out/cljs_deps.js
notifying browser that file changed:  out/dbseed/core.js
[32mSuccessfully compiled "target/server_out/dbseed.js" in 0.131 seconds.[0m
[0mCompiling "target/server_out/dbseed.js" from ["server_src" "dev"]...
notifying browser that file changed:  target/server_out/cljs_deps.js
notifying browser that file changed:  out/dbseed/core.js
[32mSuccessfully compiled "target/server_out/dbseed.js" in 0.182 seconds.[0m
[0mCompiling "target/server_out/dbseed.js" from ["server_src" "dev"]...
notifying browser that file changed:  target/server_out/cljs_deps.js
notifying browser that file changed:  out/dbseed/core.js
[32mSuccessfully compiled "target/server_out/dbseed.js" in 0.118 seconds.[0m
[0mCompiling "target/server_out/dbseed.js" from ["server_src" "dev"]...
notifying browser that file changed:  target/server_out/cljs_deps.js
notifying browser that file changed:  out/dbseed/core.js
[32mSuccessfully compiled "target/server_out/dbseed.js" in 0.147 seconds.[0m
[0mCompiling "target/server_out/dbseed.js" from ["server_src" "dev"]...
notifying browser that file changed:  target/server_out/cljs_deps.js
notifying browser that file changed:  out/dbseed/core.js
[32mSuccessfully compiled "target/server_out/dbseed.js" in 0.116 seconds.[0m
[0mCompiling "target/server_out/dbseed.js" from ["server_src" "dev"]...
notifying browser that file changed:  target/server_out/cljs_deps.js
notifying browser that file changed:  out/dbseed/core.js
[32mSuccessfully compiled "target/server_out/dbseed.js" in 0.138 seconds.[0m
[0mCompiling "target/server_out/dbseed.js" from ["server_src" "dev"]...
WARNING: Use of undeclared Var dbseed.core/checkpoints at line 29 /Users/yeehaa/Documents/dbseed/server_src/dbseed/core.cljs
notifying browser that file changed:  target/server_out/cljs_deps.js
notifying browser that file changed:  out/dbseed/core.js
[32mSuccessfully compiled "target/server_out/dbseed.js" in 0.147 seconds.[0m
[0mCompiling "target/server_out/dbseed.js" from ["server_src" "dev"]...
notifying browser that file changed:  target/server_out/cljs_deps.js
notifying browser that file changed:  out/dbseed/core.js
[32mSuccessfully compiled "target/server_out/dbseed.js" in 0.132 seconds.[0m
[0mCompiling "target/server_out/dbseed.js" from ["server_src" "dev"]...
[31mCompiling "target/server_out/dbseed.js" failed.
[0mERROR: Unmatched delimiter } on file /Users/yeehaa/Documents/dbseed/server_src/dbseed/core.cljs, line 33, column 31
[32mSuccessfully compiled "target/server_out/dbseed.js" in 0.027 seconds.[0m
[0mCompiling "target/server_out/dbseed.js" from ["server_src" "dev"]...
[31mCompiling "target/server_out/dbseed.js" failed.
[0mERROR: Unmatched delimiter } on file /Users/yeehaa/Documents/dbseed/server_src/dbseed/core.cljs, line 33, column 32
[32mSuccessfully compiled "target/server_out/dbseed.js" in 0.037 seconds.[0m
[0mCompiling "target/server_out/dbseed.js" from ["server_src" "dev"]...
notifying browser that file changed:  target/server_out/cljs_deps.js
notifying browser that file changed:  out/dbseed/core.js
[32mSuccessfully compiled "target/server_out/dbseed.js" in 0.154 seconds.[0m
[0mCompiling "target/server_out/dbseed.js" from ["server_src" "dev"]...
notifying browser that file changed:  target/server_out/cljs_deps.js
notifying browser that file changed:  out/dbseed/core.js
[32mSuccessfully compiled "target/server_out/dbseed.js" in 0.125 seconds.[0m
[0mCompiling "target/server_out/dbseed.js" from ["server_src" "dev"]...
notifying browser that file changed:  target/server_out/cljs_deps.js
notifying browser that file changed:  out/dbseed/core.js
[32mSuccessfully compiled "target/server_out/dbseed.js" in 0.158 seconds.[0m
[0mCompiling "target/server_out/dbseed.js" from ["server_src" "dev"]...
notifying browser that file changed:  target/server_out/cljs_deps.js
notifying browser that file changed:  out/dbseed/core.js
[32mSuccessfully compiled "target/server_out/dbseed.js" in 0.168 seconds.[0m
[0mCompiling "target/server_out/dbseed.js" from ["server_src" "dev"]...
notifying browser that file changed:  target/server_out/cljs_deps.js
notifying browser that file changed:  out/dbseed/core.js
[32mSuccessfully compiled "target/server_out/dbseed.js" in 0.151 seconds.[0m
[0mCompiling "target/server_out/dbseed.js" from ["server_src" "dev"]...
notifying browser that file changed:  target/server_out/cljs_deps.js
notifying browser that file changed:  out/dbseed/design_doc.js
[32mSuccessfully compiled "target/server_out/dbseed.js" in 0.137 seconds.[0m
[0mCompiling "target/server_out/dbseed.js" from ["server_src" "dev"]...
notifying browser that file changed:  target/server_out/cljs_deps.js
notifying browser that file changed:  out/dbseed/design_doc.js
[32mSuccessfully compiled "target/server_out/dbseed.js" in 0.133 seconds.[0m
[0mCompiling "target/server_out/dbseed.js" from ["server_src" "dev"]...
WARNING: Use of undeclared Var dbseed.core/design-doc at line 20 server_src/dbseed/core.cljs
notifying browser that file changed:  target/server_out/cljs_deps.js
notifying browser that file changed:  out/dbseed/core.js
[32mSuccessfully compiled "target/server_out/dbseed.js" in 0.134 seconds.[0m
[0mCompiling "target/server_out/dbseed.js" from ["server_src" "dev"]...
notifying browser that file changed:  target/server_out/cljs_deps.js
notifying browser that file changed:  out/dbseed/core.js
[32mSuccessfully compiled "target/server_out/dbseed.js" in 0.145 seconds.[0m
[0mCompiling "target/server_out/dbseed.js" from ["server_src" "dev"]...
notifying browser that file changed:  target/server_out/cljs_deps.js
notifying browser that file changed:  out/dbseed/core.js
[32mSuccessfully compiled "target/server_out/dbseed.js" in 0.121 seconds.[0m
[0mCompiling "target/server_out/dbseed.js" from ["server_src" "dev"]...
notifying browser that file changed:  target/server_out/cljs_deps.js
notifying browser that file changed:  out/dbseed/design_doc.js
[32mSuccessfully compiled "target/server_out/dbseed.js" in 0.13 seconds.[0m
[0mCompiling "target/server_out/dbseed.js" from ["server_src" "dev"]...
notifying browser that file changed:  target/server_out/cljs_deps.js
notifying browser that file changed:  out/dbseed/design_doc.js
[32mSuccessfully compiled "target/server_out/dbseed.js" in 0.126 seconds.[0m
[0mCompiling "target/server_out/dbseed.js" from ["server_src" "dev"]...
notifying browser that file changed:  target/server_out/cljs_deps.js
notifying browser that file changed:  out/dbseed/design_doc.js
[32mSuccessfully compiled "target/server_out/dbseed.js" in 0.143 seconds.[0m
[0mCompiling "target/server_out/dbseed.js" from ["server_src" "dev"]...
notifying browser that file changed:  target/server_out/cljs_deps.js
notifying browser that file changed:  out/dbseed/design_doc.js
[32mSuccessfully compiled "target/server_out/dbseed.js" in 0.131 seconds.[0m
[0mCompiling "target/server_out/dbseed.js" from ["server_src" "dev"]...
notifying browser that file changed:  target/server_out/cljs_deps.js
notifying browser that file changed:  out/dbseed/design_doc.js
[32mSuccessfully compiled "target/server_out/dbseed.js" in 0.13 seconds.[0m
[0mCompiling "target/server_out/dbseed.js" from ["server_src" "dev"]...
notifying browser that file changed:  target/server_out/cljs_deps.js
notifying browser that file changed:  out/dbseed/design_doc.js
[32mSuccessfully compiled "target/server_out/dbseed.js" in 0.179 seconds.[0m
[0mCompiling "target/server_out/dbseed.js" from ["server_src" "dev"]...
notifying browser that file changed:  target/server_out/cljs_deps.js
notifying browser that file changed:  out/dbseed/design_doc.js
[32mSuccessfully compiled "target/server_out/dbseed.js" in 0.145 seconds.[0m
[0mCompiling "target/server_out/dbseed.js" from ["server_src" "dev"]...
notifying browser that file changed:  target/server_out/cljs_deps.js
notifying browser that file changed:  out/dbseed/design_doc.js
[32mSuccessfully compiled "target/server_out/dbseed.js" in 0.145 seconds.[0m
[0mCompiling "target/server_out/dbseed.js" from ["server_src" "dev"]...
[31mCompiling "target/server_out/dbseed.js" failed.
[0mERROR: Map literal must contain an even number of forms on file /Users/yeehaa/Documents/dbseed/server_src/dbseed/design_doc.cljs, line 27, column 49
[32mSuccessfully compiled "target/server_out/dbseed.js" in 0.029 seconds.[0m
[0mCompiling "target/server_out/dbseed.js" from ["server_src" "dev"]...
[31mCompiling "target/server_out/dbseed.js" failed.
[0mERROR: Map literal must contain an even number of forms on file /Users/yeehaa/Documents/dbseed/server_src/dbseed/design_doc.cljs, line 24, column 36
[32mSuccessfully compiled "target/server_out/dbseed.js" in 0.026 seconds.[0m
[0mCompiling "target/server_out/dbseed.js" from ["server_src" "dev"]...
[31mCompiling "target/server_out/dbseed.js" failed.
[0mANALYSIS ERROR: Map literal must contain an even number of forms on file null, line null, column null
[32mSuccessfully compiled "target/server_out/dbseed.js" in 0.053 seconds.[0m
[0mCompiling "target/server_out/dbseed.js" from ["server_src" "dev"]...
[31mCompiling "target/server_out/dbseed.js" failed.
[0mANALYSIS ERROR: Map literal must contain an even number of forms on file null, line null, column null
[32mSuccessfully compiled "target/server_out/dbseed.js" in 0.045 seconds.[0m
[0mCompiling "target/server_out/dbseed.js" from ["server_src" "dev"]...
[31mCompiling "target/server_out/dbseed.js" failed.
[0mANALYSIS ERROR: Map literal must contain an even number of forms on file null, line null, column null
[32mSuccessfully compiled "target/server_out/dbseed.js" in 0.061 seconds.[0m
[0mCompiling "target/server_out/dbseed.js" from ["server_src" "dev"]...
notifying browser that file changed:  target/server_out/cljs_deps.js
notifying browser that file changed:  out/dbseed/design_doc.js
[32mSuccessfully compiled "target/server_out/dbseed.js" in 0.165 seconds.[0m
[0mCompiling "target/server_out/dbseed.js" from ["server_src" "dev"]...
notifying browser that file changed:  target/server_out/cljs_deps.js
notifying browser that file changed:  out/dbseed/design_doc.js
[32mSuccessfully compiled "target/server_out/dbseed.js" in 0.12 seconds.[0m
[0mCompiling "target/server_out/dbseed.js" from ["server_src" "dev"]...
notifying browser that file changed:  target/server_out/cljs_deps.js
notifying browser that file changed:  out/dbseed/design_doc.js
[32mSuccessfully compiled "target/server_out/dbseed.js" in 0.129 seconds.[0m
[0mCompiling "target/server_out/dbseed.js" from ["server_src" "dev"]...
notifying browser that file changed:  target/server_out/cljs_deps.js
notifying browser that file changed:  out/dbseed/design_doc.js
[32mSuccessfully compiled "target/server_out/dbseed.js" in 0.115 seconds.[0m
[0mCompiling "target/server_out/dbseed.js" from ["server_src" "dev"]...
notifying browser that file changed:  target/server_out/cljs_deps.js
notifying browser that file changed:  out/dbseed/design_doc.js
[32mSuccessfully compiled "target/server_out/dbseed.js" in 0.12 seconds.[0m
[0mCompiling "target/server_out/dbseed.js" from ["server_src" "dev"]...
notifying browser that file changed:  target/server_out/cljs_deps.js
notifying browser that file changed:  out/dbseed/design_doc.js
[32mSuccessfully compiled "target/server_out/dbseed.js" in 0.135 seconds.[0m
[0mCompiling "target/server_out/dbseed.js" from ["server_src" "dev"]...
WARNING: Use of undeclared Var dbseed.design-doc/getRow at line 25 server_src/dbseed/design_doc.cljs
notifying browser that file changed:  target/server_out/cljs_deps.js
notifying browser that file changed:  out/dbseed/design_doc.js
[32mSuccessfully compiled "target/server_out/dbseed.js" in 0.153 seconds.[0m
[0mCompiling "target/server_out/dbseed.js" from ["server_src" "dev"]...
WARNING: Use of undeclared Var dbseed.design-doc/getRow at line 25 server_src/dbseed/design_doc.cljs
notifying browser that file changed:  target/server_out/cljs_deps.js
notifying browser that file changed:  out/dbseed/design_doc.js
[32mSuccessfully compiled "target/server_out/dbseed.js" in 0.17 seconds.[0m
[0mCompiling "target/server_out/dbseed.js" from ["server_src" "dev"]...
notifying browser that file changed:  target/server_out/cljs_deps.js
notifying browser that file changed:  out/dbseed/design_doc.js
[32mSuccessfully compiled "target/server_out/dbseed.js" in 0.2 seconds.[0m
[0mCompiling "target/server_out/dbseed.js" from ["server_src" "dev"]...
notifying browser that file changed:  target/server_out/cljs_deps.js
notifying browser that file changed:  out/dbseed/design_doc.js
[32mSuccessfully compiled "target/server_out/dbseed.js" in 0.127 seconds.[0m
[0mCompiling "target/server_out/dbseed.js" from ["server_src" "dev"]...
notifying browser that file changed:  target/server_out/cljs_deps.js
notifying browser that file changed:  out/dbseed/design_doc.js
[32mSuccessfully compiled "target/server_out/dbseed.js" in 0.119 seconds.[0m
[0mCompiling "target/server_out/dbseed.js" from ["server_src" "dev"]...
notifying browser that file changed:  target/server_out/cljs_deps.js
notifying browser that file changed:  out/dbseed/design_doc.js
[32mSuccessfully compiled "target/server_out/dbseed.js" in 0.113 seconds.[0m
[0mCompiling "target/server_out/dbseed.js" from ["server_src" "dev"]...
notifying browser that file changed:  target/server_out/cljs_deps.js
notifying browser that file changed:  out/dbseed/design_doc.js
[32mSuccessfully compiled "target/server_out/dbseed.js" in 0.121 seconds.[0m
[0mCompiling "target/server_out/dbseed.js" from ["server_src" "dev"]...
[31mCompiling "target/server_out/dbseed.js" failed.
[0mERROR: Unmatched delimiter ) on file /Users/yeehaa/Documents/dbseed/server_src/dbseed/design_doc.cljs, line 27, column 44
[32mSuccessfully compiled "target/server_out/dbseed.js" in 0.029 seconds.[0m
[0mCompiling "target/server_out/dbseed.js" from ["server_src" "dev"]...
WARNING: Use of undeclared Var dbseed.design-doc/getRow at line 25 server_src/dbseed/design_doc.cljs
notifying browser that file changed:  target/server_out/cljs_deps.js
notifying browser that file changed:  out/dbseed/design_doc.js
[32mSuccessfully compiled "target/server_out/dbseed.js" in 0.152 seconds.[0m
[0mCompiling "target/server_out/dbseed.js" from ["server_src" "dev"]...
notifying browser that file changed:  target/server_out/cljs_deps.js
notifying browser that file changed:  out/dbseed/design_doc.js
[32mSuccessfully compiled "target/server_out/dbseed.js" in 0.143 seconds.[0m
[0mCompiling "target/server_out/dbseed.js" from ["server_src" "dev"]...
notifying browser that file changed:  target/server_out/cljs_deps.js
notifying browser that file changed:  out/dbseed/design_doc.js
[32mSuccessfully compiled "target/server_out/dbseed.js" in 0.117 seconds.[0m
[0mCompiling "target/server_out/dbseed.js" from ["server_src" "dev"]...
notifying browser that file changed:  target/server_out/cljs_deps.js
notifying browser that file changed:  out/dbseed/design_doc.js
[32mSuccessfully compiled "target/server_out/dbseed.js" in 0.121 seconds.[0m
[0mCompiling "target/server_out/dbseed.js" from ["server_src" "dev"]...
notifying browser that file changed:  target/server_out/cljs_deps.js
notifying browser that file changed:  out/dbseed/design_doc.js
[32mSuccessfully compiled "target/server_out/dbseed.js" in 0.122 seconds.[0m
[0mCompiling "target/server_out/dbseed.js" from ["server_src" "dev"]...
notifying browser that file changed:  target/server_out/cljs_deps.js
notifying browser that file changed:  out/dbseed/core.js
[32mSuccessfully compiled "target/server_out/dbseed.js" in 0.127 seconds.[0m
[0mCompiling "target/server_out/dbseed.js" from ["server_src" "dev"]...
[31mCompiling "target/server_out/dbseed.js" failed.
[0mERROR: Unmatched delimiter ) on file /Users/yeehaa/Documents/dbseed/server_src/dbseed/core.cljs, line 23, column 52
[32mSuccessfully compiled "target/server_out/dbseed.js" in 0.038 seconds.[0m
[0mCompiling "target/server_out/dbseed.js" from ["server_src" "dev"]...
notifying browser that file changed:  target/server_out/cljs_deps.js
notifying browser that file changed:  out/dbseed/core.js
[32mSuccessfully compiled "target/server_out/dbseed.js" in 0.129 seconds.[0m
[0mCompiling "target/server_out/dbseed.js" from ["server_src" "dev"]...
notifying browser that file changed:  target/server_out/cljs_deps.js
notifying browser that file changed:  out/dbseed/core.js
[32mSuccessfully compiled "target/server_out/dbseed.js" in 0.122 seconds.[0m
[0mCompiling "target/server_out/dbseed.js" from ["server_src" "dev"]...
[31mCompiling "target/server_out/dbseed.js" failed.
[0mERROR: EOF while reading, starting at line 27 and column 11 on file /Users/yeehaa/Documents/dbseed/server_src/dbseed/core.cljs, line 36, column 1
[32mSuccessfully compiled "target/server_out/dbseed.js" in 0.03 seconds.[0m
[0mCompiling "target/server_out/dbseed.js" from ["server_src" "dev"]...
notifying browser that file changed:  target/server_out/cljs_deps.js
notifying browser that file changed:  out/dbseed/core.js
[32mSuccessfully compiled "target/server_out/dbseed.js" in 0.121 seconds.[0m
[0mCompiling "target/server_out/dbseed.js" from ["server_src" "dev"]...
notifying browser that file changed:  target/server_out/cljs_deps.js
notifying browser that file changed:  out/dbseed/core.js
[32mSuccessfully compiled "target/server_out/dbseed.js" in 0.125 seconds.[0m
[0mCompiling "target/server_out/dbseed.js" from ["server_src" "dev"]...
notifying browser that file changed:  target/server_out/cljs_deps.js
notifying browser that file changed:  out/dbseed/core.js
[32mSuccessfully compiled "target/server_out/dbseed.js" in 0.122 seconds.[0m
[0mCompiling "target/server_out/dbseed.js" from ["server_src" "dev"]...
notifying browser that file changed:  target/server_out/cljs_deps.js
notifying browser that file changed:  out/dbseed/core.js
[32mSuccessfully compiled "target/server_out/dbseed.js" in 0.12 seconds.[0m
[0mCompiling "target/server_out/dbseed.js" from ["server_src" "dev"]...
notifying browser that file changed:  target/server_out/cljs_deps.js
notifying browser that file changed:  out/dbseed/core.js
[32mSuccessfully compiled "target/server_out/dbseed.js" in 0.132 seconds.[0m
[0mCompiling "target/server_out/dbseed.js" from ["server_src" "dev"]...
notifying browser that file changed:  target/server_out/cljs_deps.js
notifying browser that file changed:  out/dbseed/core.js
[32mSuccessfully compiled "target/server_out/dbseed.js" in 0.153 seconds.[0m
[0mCompiling "target/server_out/dbseed.js" from ["server_src" "dev"]...
notifying browser that file changed:  target/server_out/cljs_deps.js
notifying browser that file changed:  out/dbseed/design_doc.js
[32mSuccessfully compiled "target/server_out/dbseed.js" in 0.125 seconds.[0m
[0mCompiling "target/server_out/dbseed.js" from ["server_src" "dev"]...
notifying browser that file changed:  target/server_out/cljs_deps.js
notifying browser that file changed:  out/dbseed/core.js
[32mSuccessfully compiled "target/server_out/dbseed.js" in 0.117 seconds.[0m
[0mCompiling "target/server_out/dbseed.js" from ["server_src" "dev"]...
WARNING: Use of undeclared Var dbseed.core/js->cljs at line 29 server_src/dbseed/core.cljs
notifying browser that file changed:  target/server_out/cljs_deps.js
notifying browser that file changed:  out/dbseed/core.js
[32mSuccessfully compiled "target/server_out/dbseed.js" in 0.147 seconds.[0m
[0mCompiling "target/server_out/dbseed.js" from ["server_src" "dev"]...
notifying browser that file changed:  target/server_out/cljs_deps.js
notifying browser that file changed:  out/dbseed/core.js
[32mSuccessfully compiled "target/server_out/dbseed.js" in 0.125 seconds.[0m
[0mCompiling "target/server_out/dbseed.js" from ["server_src" "dev"]...
WARNING: Use of undeclared Var dbseed.core/rev at line 32 /Users/yeehaa/Documents/dbseed/server_src/dbseed/core.cljs
notifying browser that file changed:  target/server_out/cljs_deps.js
notifying browser that file changed:  out/dbseed/core.js
[32mSuccessfully compiled "target/server_out/dbseed.js" in 0.19 seconds.[0m
[0mCompiling "target/server_out/dbseed.js" from ["server_src" "dev"]...
notifying browser that file changed:  target/server_out/cljs_deps.js
notifying browser that file changed:  out/dbseed/core.js
[32mSuccessfully compiled "target/server_out/dbseed.js" in 0.13 seconds.[0m
[0mCompiling "target/server_out/dbseed.js" from ["server_src" "dev"]...
notifying browser that file changed:  target/server_out/cljs_deps.js
notifying browser that file changed:  out/dbseed/core.js
[32mSuccessfully compiled "target/server_out/dbseed.js" in 0.132 seconds.[0m
[0mCompiling "target/server_out/dbseed.js" from ["server_src" "dev"]...
WARNING: Use of undeclared Var dbseed.core/rev at line 32 /Users/yeehaa/Documents/dbseed/server_src/dbseed/core.cljs
notifying browser that file changed:  target/server_out/cljs_deps.js
notifying browser that file changed:  out/dbseed/core.js
[32mSuccessfully compiled "target/server_out/dbseed.js" in 0.177 seconds.[0m
[0mCompiling "target/server_out/dbseed.js" from ["server_src" "dev"]...
notifying browser that file changed:  target/server_out/cljs_deps.js
notifying browser that file changed:  out/dbseed/core.js
[32mSuccessfully compiled "target/server_out/dbseed.js" in 0.171 seconds.[0m
[0mCompiling "target/server_out/dbseed.js" from ["server_src" "dev"]...
notifying browser that file changed:  target/server_out/cljs_deps.js
notifying browser that file changed:  out/dbseed/core.js
[32mSuccessfully compiled "target/server_out/dbseed.js" in 0.158 seconds.[0m
[0mCompiling "target/server_out/dbseed.js" from ["server_src" "dev"]...
notifying browser that file changed:  target/server_out/cljs_deps.js
notifying browser that file changed:  out/dbseed/core.js
[32mSuccessfully compiled "target/server_out/dbseed.js" in 0.128 seconds.[0m
[0mCompiling "target/server_out/dbseed.js" from ["server_src" "dev"]...
[31mCompiling "target/server_out/dbseed.js" failed.
[0mERROR: EOF while reading, starting at line 25 and column 1 on file /Users/yeehaa/Documents/dbseed/server_src/dbseed/core.cljs, line 43, column 1
[32mSuccessfully compiled "target/server_out/dbseed.js" in 0.018 seconds.[0m
[0mCompiling "target/server_out/dbseed.js" from ["server_src" "dev"]...
notifying browser that file changed:  target/server_out/cljs_deps.js
notifying browser that file changed:  out/dbseed/core.js
[32mSuccessfully compiled "target/server_out/dbseed.js" in 0.135 seconds.[0m
[0mCompiling "target/server_out/dbseed.js" from ["server_src" "dev"]...
notifying browser that file changed:  target/server_out/cljs_deps.js
notifying browser that file changed:  out/dbseed/core.js
[32mSuccessfully compiled "target/server_out/dbseed.js" in 0.102 seconds.[0m
[0mCompiling "target/server_out/dbseed.js" from ["server_src" "dev"]...
notifying browser that file changed:  target/server_out/cljs_deps.js
notifying browser that file changed:  out/dbseed/core.js
[32mSuccessfully compiled "target/server_out/dbseed.js" in 0.14 seconds.[0m
[0mCompiling "target/server_out/dbseed.js" from ["server_src" "dev"]...
notifying browser that file changed:  target/server_out/cljs_deps.js
notifying browser that file changed:  out/dbseed/core.js
[32mSuccessfully compiled "target/server_out/dbseed.js" in 0.126 seconds.[0m
[0mCompiling "target/server_out/dbseed.js" from ["server_src" "dev"]...
notifying browser that file changed:  target/server_out/cljs_deps.js
notifying browser that file changed:  out/dbseed/core.js
[32mSuccessfully compiled "target/server_out/dbseed.js" in 0.128 seconds.[0m
[0mCompiling "target/server_out/dbseed.js" from ["server_src" "dev"]...
notifying browser that file changed:  target/server_out/cljs_deps.js
notifying browser that file changed:  out/dbseed/core.js
[32mSuccessfully compiled "target/server_out/dbseed.js" in 0.126 seconds.[0m
[0mCompiling "target/server_out/dbseed.js" from ["server_src" "dev"]...
notifying browser that file changed:  target/server_out/cljs_deps.js
notifying browser that file changed:  out/dbseed/core.js
[32mSuccessfully compiled "target/server_out/dbseed.js" in 0.14 seconds.[0m
[0mCompiling "target/server_out/dbseed.js" from ["server_src" "dev"]...
notifying browser that file changed:  target/server_out/cljs_deps.js
notifying browser that file changed:  out/dbseed/core.js
[32mSuccessfully compiled "target/server_out/dbseed.js" in 0.148 seconds.[0m
[0mCompiling "target/server_out/dbseed.js" from ["server_src" "dev"]...
notifying browser that file changed:  target/server_out/cljs_deps.js
notifying browser that file changed:  out/dbseed/core.js
[32mSuccessfully compiled "target/server_out/dbseed.js" in 0.148 seconds.[0m
[0mCompiling "target/server_out/dbseed.js" from ["server_src" "dev"]...
notifying browser that file changed:  target/server_out/cljs_deps.js
notifying browser that file changed:  out/dbseed/core.js
[32mSuccessfully compiled "target/server_out/dbseed.js" in 0.14 seconds.[0m
[0mCompiling "target/server_out/dbseed.js" from ["server_src" "dev"]...
notifying browser that file changed:  target/server_out/cljs_deps.js
notifying browser that file changed:  out/dbseed/core.js
[32mSuccessfully compiled "target/server_out/dbseed.js" in 0.119 seconds.[0m
[0mCompiling "target/server_out/dbseed.js" from ["server_src" "dev"]...
notifying browser that file changed:  target/server_out/cljs_deps.js
notifying browser that file changed:  out/dbseed/design_doc.js
[32mSuccessfully compiled "target/server_out/dbseed.js" in 0.124 seconds.[0m
[0mCompiling "target/server_out/dbseed.js" from ["server_src" "dev"]...
notifying browser that file changed:  target/server_out/cljs_deps.js
notifying browser that file changed:  out/dbseed/core.js
[32mSuccessfully compiled "target/server_out/dbseed.js" in 0.118 seconds.[0m
[0mCompiling "target/server_out/dbseed.js" from ["server_src" "dev"]...
notifying browser that file changed:  target/server_out/cljs_deps.js
notifying browser that file changed:  out/dbseed/core.js
[32mSuccessfully compiled "target/server_out/dbseed.js" in 0.128 seconds.[0m
[0mCompiling "target/server_out/dbseed.js" from ["server_src" "dev"]...
notifying browser that file changed:  target/server_out/cljs_deps.js
notifying browser that file changed:  out/dbseed/core.js
[32mSuccessfully compiled "target/server_out/dbseed.js" in 0.153 seconds.[0m
[0mCompiling "target/server_out/dbseed.js" from ["server_src" "dev"]...
notifying browser that file changed:  target/server_out/cljs_deps.js
notifying browser that file changed:  out/dbseed/core.js
[32mSuccessfully compiled "target/server_out/dbseed.js" in 0.137 seconds.[0m
[0mCompiling "target/server_out/dbseed.js" from ["server_src" "dev"]...
notifying browser that file changed:  target/server_out/cljs_deps.js
notifying browser that file changed:  out/dbseed/core.js
[32mSuccessfully compiled "target/server_out/dbseed.js" in 0.168 seconds.[0m
[0mCompiling "target/server_out/dbseed.js" from ["server_src" "dev"]...
WARNING: Use of undeclared Var dbseed.core/to-cljs at line 24 /Users/yeehaa/Documents/dbseed/server_src/dbseed/core.cljs
notifying browser that file changed:  target/server_out/cljs_deps.js
notifying browser that file changed:  out/dbseed/core.js
[32mSuccessfully compiled "target/server_out/dbseed.js" in 0.146 seconds.[0m
[0mCompiling "target/server_out/dbseed.js" from ["server_src" "dev"]...
notifying browser that file changed:  target/server_out/cljs_deps.js
notifying browser that file changed:  out/dbseed/core.js
[32mSuccessfully compiled "target/server_out/dbseed.js" in 0.116 seconds.[0m
[0mCompiling "target/server_out/dbseed.js" from ["server_src" "dev"]...
notifying browser that file changed:  target/server_out/cljs_deps.js
notifying browser that file changed:  out/dbseed/core.js
[32mSuccessfully compiled "target/server_out/dbseed.js" in 0.116 seconds.[0m
[0mCompiling "target/server_out/dbseed.js" from ["server_src" "dev"]...
WARNING: design-doc already refers to: dbseed.core/design-doc being replaced by: dbseed.core/design-doc at line 9 server_src/dbseed/core.cljs
notifying browser that file changed:  target/server_out/cljs_deps.js
notifying browser that file changed:  out/dbseed/core.js
[32mSuccessfully compiled "target/server_out/dbseed.js" in 0.14 seconds.[0m
[0mCompiling "target/server_out/dbseed.js" from ["server_src" "dev"]...
notifying browser that file changed:  target/server_out/cljs_deps.js
notifying browser that file changed:  out/dbseed/core.js
[32mSuccessfully compiled "target/server_out/dbseed.js" in 0.165 seconds.[0m
[0mCompiling "target/server_out/dbseed.js" from ["server_src" "dev"]...
notifying browser that file changed:  target/server_out/cljs_deps.js
notifying browser that file changed:  out/dbseed/core.js
[32mSuccessfully compiled "target/server_out/dbseed.js" in 0.135 seconds.[0m
[0mCompiling "target/server_out/dbseed.js" from ["server_src" "dev"]...
notifying browser that file changed:  target/server_out/cljs_deps.js
notifying browser that file changed:  out/dbseed/core.js
[32mSuccessfully compiled "target/server_out/dbseed.js" in 0.191 seconds.[0m
[0mCompiling "target/server_out/dbseed.js" from ["server_src" "dev"]...
notifying browser that file changed:  target/server_out/cljs_deps.js
notifying browser that file changed:  out/dbseed/core.js
[32mSuccessfully compiled "target/server_out/dbseed.js" in 0.145 seconds.[0m
[0mCompiling "target/server_out/dbseed.js" from ["server_src" "dev"]...
notifying browser that file changed:  target/server_out/cljs_deps.js
notifying browser that file changed:  out/dbseed/core.js
[32mSuccessfully compiled "target/server_out/dbseed.js" in 0.122 seconds.[0m
[0mCompiling "target/server_out/dbseed.js" from ["server_src" "dev"]...
WARNING: Use of undeclared Var dbseed.core/doc-name at line 20 server_src/dbseed/core.cljs
notifying browser that file changed:  target/server_out/cljs_deps.js
notifying browser that file changed:  out/dbseed/core.js
[32mSuccessfully compiled "target/server_out/dbseed.js" in 0.135 seconds.[0m
[0mCompiling "target/server_out/dbseed.js" from ["server_src" "dev"]...
WARNING: Use of undeclared Var dbseed.core/doc-name at line 20 server_src/dbseed/core.cljs
notifying browser that file changed:  target/server_out/cljs_deps.js
notifying browser that file changed:  out/dbseed/core.js
[32mSuccessfully compiled "target/server_out/dbseed.js" in 0.196 seconds.[0m
[0mCompiling "target/server_out/dbseed.js" from ["server_src" "dev"]...
notifying browser that file changed:  target/server_out/cljs_deps.js
notifying browser that file changed:  out/dbseed/core.js
[32mSuccessfully compiled "target/server_out/dbseed.js" in 0.125 seconds.[0m
[0mCompiling "target/server_out/dbseed.js" from ["server_src" "dev"]...
WARNING: Use of undeclared Var dbseed.core/rev at line 28 /Users/yeehaa/Documents/dbseed/server_src/dbseed/core.cljs
notifying browser that file changed:  target/server_out/cljs_deps.js
notifying browser that file changed:  out/dbseed/core.js
[32mSuccessfully compiled "target/server_out/dbseed.js" in 0.179 seconds.[0m
[0mCompiling "target/server_out/dbseed.js" from ["server_src" "dev"]...
notifying browser that file changed:  target/server_out/cljs_deps.js
notifying browser that file changed:  out/dbseed/core.js
[32mSuccessfully compiled "target/server_out/dbseed.js" in 0.127 seconds.[0m
[0mCompiling "target/server_out/dbseed.js" from ["server_src" "dev"]...
notifying browser that file changed:  target/server_out/cljs_deps.js
notifying browser that file changed:  out/dbseed/core.js
[32mSuccessfully compiled "target/server_out/dbseed.js" in 0.123 seconds.[0m
[0mCompiling "target/server_out/dbseed.js" from ["server_src" "dev"]...
notifying browser that file changed:  target/server_out/cljs_deps.js
notifying browser that file changed:  out/dbseed/core.js
[32mSuccessfully compiled "target/server_out/dbseed.js" in 0.145 seconds.[0m
[0mCompiling "target/server_out/dbseed.js" from ["server_src" "dev"]...
WARNING: Use of undeclared Var dbseed.core/doc-name at line 24 server_src/dbseed/core.cljs
WARNING: Use of undeclared Var dbseed.core/rev at line 24 server_src/dbseed/core.cljs
notifying browser that file changed:  target/server_out/cljs_deps.js
notifying browser that file changed:  out/dbseed/core.js
[32mSuccessfully compiled "target/server_out/dbseed.js" in 0.164 seconds.[0m
[0mCompiling "target/server_out/dbseed.js" from ["server_src" "dev"]...
[31mCompiling "target/server_out/dbseed.js" failed.
[0mERROR: EOF while reading, starting at line 24 and column 3 on file /Users/yeehaa/Documents/dbseed/server_src/dbseed/core.cljs, line 41, column 1
[32mSuccessfully compiled "target/server_out/dbseed.js" in 0.034 seconds.[0m
[0mCompiling "target/server_out/dbseed.js" from ["server_src" "dev"]...
WARNING: Use of undeclared Var dbseed.core/doc-name at line 24 server_src/dbseed/core.cljs
WARNING: Use of undeclared Var dbseed.core/rev at line 24 server_src/dbseed/core.cljs
notifying browser that file changed:  target/server_out/cljs_deps.js
notifying browser that file changed:  out/dbseed/core.js
[32mSuccessfully compiled "target/server_out/dbseed.js" in 0.186 seconds.[0m
[0mCompiling "target/server_out/dbseed.js" from ["server_src" "dev"]...
WARNING: Use of undeclared Var dbseed.core/rev at line 24 server_src/dbseed/core.cljs
notifying browser that file changed:  target/server_out/cljs_deps.js
notifying browser that file changed:  out/dbseed/core.js
[32mSuccessfully compiled "target/server_out/dbseed.js" in 0.149 seconds.[0m
[0mCompiling "target/server_out/dbseed.js" from ["server_src" "dev"]...
notifying browser that file changed:  target/server_out/cljs_deps.js
notifying browser that file changed:  out/dbseed/core.js
[32mSuccessfully compiled "target/server_out/dbseed.js" in 0.153 seconds.[0m
[0mCompiling "target/server_out/dbseed.js" from ["server_src" "dev"]...
notifying browser that file changed:  target/server_out/cljs_deps.js
notifying browser that file changed:  out/dbseed/core.js
[32mSuccessfully compiled "target/server_out/dbseed.js" in 0.15 seconds.[0m
[0mCompiling "target/server_out/dbseed.js" from ["server_src" "dev"]...
notifying browser that file changed:  target/server_out/cljs_deps.js
notifying browser that file changed:  out/dbseed/core.js
[32mSuccessfully compiled "target/server_out/dbseed.js" in 0.126 seconds.[0m
[0mCompiling "target/server_out/dbseed.js" from ["server_src" "dev"]...
WARNING: Use of undeclared Var dbseed.core/doc-name at line 30 server_src/dbseed/core.cljs
notifying browser that file changed:  target/server_out/cljs_deps.js
notifying browser that file changed:  out/dbseed/core.js
[32mSuccessfully compiled "target/server_out/dbseed.js" in 0.161 seconds.[0m
[0mCompiling "target/server_out/dbseed.js" from ["server_src" "dev"]...
WARNING: Use of undeclared Var dbseed.core/doc-name at line 30 /Users/yeehaa/Documents/dbseed/server_src/dbseed/core.cljs
notifying browser that file changed:  target/server_out/cljs_deps.js
notifying browser that file changed:  out/dbseed/core.js
[32mSuccessfully compiled "target/server_out/dbseed.js" in 0.142 seconds.[0m
[0mCompiling "target/server_out/dbseed.js" from ["server_src" "dev"]...
notifying browser that file changed:  target/server_out/cljs_deps.js
notifying browser that file changed:  out/dbseed/core.js
[32mSuccessfully compiled "target/server_out/dbseed.js" in 0.153 seconds.[0m
[0mCompiling "target/server_out/dbseed.js" from ["server_src" "dev"]...
notifying browser that file changed:  target/server_out/cljs_deps.js
notifying browser that file changed:  out/dbseed/design_doc.js
[32mSuccessfully compiled "target/server_out/dbseed.js" in 0.145 seconds.[0m
[0mCompiling "target/server_out/dbseed.js" from ["server_src" "dev"]...
[31mCompiling "target/server_out/dbseed.js" failed.
[0mERROR: Unmatched delimiter } on file /Users/yeehaa/Documents/dbseed/server_src/dbseed/design_doc.cljs, line 25, column 36
[32mSuccessfully compiled "target/server_out/dbseed.js" in 0.03 seconds.[0m
[0mCompiling "target/server_out/dbseed.js" from ["server_src" "dev"]...
[31mCompiling "target/server_out/dbseed.js" failed.
[0mERROR: Unmatched delimiter } on file /Users/yeehaa/Documents/dbseed/server_src/dbseed/design_doc.cljs, line 25, column 36
[32mSuccessfully compiled "target/server_out/dbseed.js" in 0.032 seconds.[0m
[0mCompiling "target/server_out/dbseed.js" from ["server_src" "dev"]...
notifying browser that file changed:  target/server_out/cljs_deps.js
notifying browser that file changed:  out/dbseed/design_doc.js
[32mSuccessfully compiled "target/server_out/dbseed.js" in 0.252 seconds.[0m
[0mCompiling "target/server_out/dbseed.js" from ["server_src" "dev"]...
notifying browser that file changed:  target/server_out/cljs_deps.js
notifying browser that file changed:  out/dbseed/design_doc.js
[32mSuccessfully compiled "target/server_out/dbseed.js" in 0.137 seconds.[0m
[0mCompiling "target/server_out/dbseed.js" from ["server_src" "dev"]...
notifying browser that file changed:  target/server_out/cljs_deps.js
notifying browser that file changed:  out/dbseed/design_doc.js
[32mSuccessfully compiled "target/server_out/dbseed.js" in 0.147 seconds.[0m
[0mCompiling "target/server_out/dbseed.js" from ["server_src" "dev"]...
notifying browser that file changed:  target/server_out/cljs_deps.js
notifying browser that file changed:  out/dbseed/design_doc.js
[32mSuccessfully compiled "target/server_out/dbseed.js" in 0.146 seconds.[0m
[0mCompiling "target/server_out/dbseed.js" from ["server_src" "dev"]...
notifying browser that file changed:  target/server_out/cljs_deps.js
notifying browser that file changed:  out/dbseed/design_doc.js
[32mSuccessfully compiled "target/server_out/dbseed.js" in 0.149 seconds.[0m
[0mCompiling "target/server_out/dbseed.js" from ["server_src" "dev"]...
notifying browser that file changed:  target/server_out/cljs_deps.js
notifying browser that file changed:  out/dbseed/design_doc.js
[32mSuccessfully compiled "target/server_out/dbseed.js" in 0.137 seconds.[0m
[0mCompiling "target/server_out/dbseed.js" from ["server_src" "dev"]...
notifying browser that file changed:  target/server_out/cljs_deps.js
notifying browser that file changed:  out/dbseed/design_doc.js
[32mSuccessfully compiled "target/server_out/dbseed.js" in 0.131 seconds.[0m
[0mCompiling "target/server_out/dbseed.js" from ["server_src" "dev"]...
notifying browser that file changed:  target/server_out/cljs_deps.js
notifying browser that file changed:  out/dbseed/design_doc.js
[32mSuccessfully compiled "target/server_out/dbseed.js" in 0.118 seconds.[0m
[0mCompiling "target/server_out/dbseed.js" from ["server_src" "dev"]...
notifying browser that file changed:  target/server_out/cljs_deps.js
notifying browser that file changed:  out/dbseed/design_doc.js
[32mSuccessfully compiled "target/server_out/dbseed.js" in 0.122 seconds.[0m
[0mCompiling "target/server_out/dbseed.js" from ["server_src" "dev"]...
notifying browser that file changed:  target/server_out/cljs_deps.js
notifying browser that file changed:  out/dbseed/core.js
[32mSuccessfully compiled "target/server_out/dbseed.js" in 0.14 seconds.[0m
[0mCompiling "target/server_out/dbseed.js" from ["server_src" "dev"]...
[31mCompiling "target/server_out/dbseed.js" failed.
[0mERROR: Unmatched delimiter ) on file /Users/yeehaa/Documents/dbseed/server_src/dbseed/design_doc.cljs, line 23, column 37
[32mSuccessfully compiled "target/server_out/dbseed.js" in 0.026 seconds.[0m
[0mCompiling "target/server_out/dbseed.js" from ["server_src" "dev"]...
notifying browser that file changed:  target/server_out/cljs_deps.js
notifying browser that file changed:  out/dbseed/design_doc.js
[32mSuccessfully compiled "target/server_out/dbseed.js" in 0.142 seconds.[0m
[0mCompiling "target/server_out/dbseed.js" from ["server_src" "dev"]...
notifying browser that file changed:  target/server_out/goog/deps.js
notifying browser that file changed:  target/server_out/cljs_deps.js
notifying browser that file changed:  out/dbseed/core.js
[32mSuccessfully compiled "target/server_out/dbseed.js" in 0.518 seconds.[0m
[0mCompiling "target/server_out/dbseed.js" from ["server_src" "dev"]...
notifying browser that file changed:  target/server_out/cljs_deps.js
notifying browser that file changed:  out/dbseed/design_doc.js
[32mSuccessfully compiled "target/server_out/dbseed.js" in 0.362 seconds.[0m
[0mCompiling "target/server_out/dbseed.js" from ["server_src" "dev"]...
notifying browser that file changed:  target/server_out/cljs_deps.js
notifying browser that file changed:  out/dbseed/design_doc.js
[32mSuccessfully compiled "target/server_out/dbseed.js" in 0.427 seconds.[0m
[0mCompiling "target/server_out/dbseed.js" from ["server_src" "dev"]...
[31mCompiling "target/server_out/dbseed.js" failed.
[0mERROR: Unmatched delimiter } on file /Users/yeehaa/Documents/dbseed/server_src/dbseed/design_doc.cljs, line 24, column 37
[32mSuccessfully compiled "target/server_out/dbseed.js" in 0.062 seconds.[0m
[0mCompiling "target/server_out/dbseed.js" from ["server_src" "dev"]...
notifying browser that file changed:  target/server_out/cljs_deps.js
notifying browser that file changed:  out/dbseed/design_doc.js
[32mSuccessfully compiled "target/server_out/dbseed.js" in 0.264 seconds.[0m
[0mCompiling "target/server_out/dbseed.js" from ["server_src" "dev"]...
notifying browser that file changed:  target/server_out/cljs_deps.js
notifying browser that file changed:  out/dbseed/design_doc.js
[32mSuccessfully compiled "target/server_out/dbseed.js" in 0.318 seconds.[0m
[0mCompiling "target/server_out/dbseed.js" from ["server_src" "dev"]...
notifying browser that file changed:  target/server_out/cljs_deps.js
notifying browser that file changed:  out/dbseed/design_doc.js
[32mSuccessfully compiled "target/server_out/dbseed.js" in 0.239 seconds.[0m
[0mCompiling "target/server_out/dbseed.js" from ["server_src" "dev"]...
notifying browser that file changed:  target/server_out/cljs_deps.js
notifying browser that file changed:  out/dbseed/design_doc.js
[32mSuccessfully compiled "target/server_out/dbseed.js" in 0.295 seconds.[0m
[0mCompiling "target/server_out/dbseed.js" from ["server_src" "dev"]...
notifying browser that file changed:  target/server_out/cljs_deps.js
notifying browser that file changed:  out/dbseed/design_doc.js
[32mSuccessfully compiled "target/server_out/dbseed.js" in 0.303 seconds.[0m
[0mCompiling "target/server_out/dbseed.js" from ["server_src" "dev"]...
notifying browser that file changed:  target/server_out/cljs_deps.js
notifying browser that file changed:  out/dbseed/design_doc.js
[32mSuccessfully compiled "target/server_out/dbseed.js" in 0.256 seconds.[0m
[0mCompiling "target/server_out/dbseed.js" from ["server_src" "dev"]...
notifying browser that file changed:  target/server_out/cljs_deps.js
notifying browser that file changed:  out/dbseed/design_doc.js
[32mSuccessfully compiled "target/server_out/dbseed.js" in 0.282 seconds.[0m
[0mCompiling "target/server_out/dbseed.js" from ["server_src" "dev"]...
notifying browser that file changed:  target/server_out/cljs_deps.js
notifying browser that file changed:  out/dbseed/design_doc.js
[32mSuccessfully compiled "target/server_out/dbseed.js" in 0.192 seconds.[0m
[0mCompiling "target/server_out/dbseed.js" from ["server_src" "dev"]...
notifying browser that file changed:  target/server_out/cljs_deps.js
notifying browser that file changed:  out/dbseed/design_doc.js
[32mSuccessfully compiled "target/server_out/dbseed.js" in 0.262 seconds.[0m
